** 报告中的 ECO **

Fri May 10 16:45:59 2019

输入文件: C:\Users\Hj\Desktop\AFU工作文件\AA-02智能手环\SCH&PCB\AA-02_3.0\AA-02-POGO-PIN.eco
当前作业: AA-02-POGO-PIN.pcb


* 警告:正在删除单管脚信号 CENTER_KEY11
* 警告:正在删除单管脚信号 DC
* 警告:正在删除单管脚信号 DD
* 警告:正在删除单管脚信号 LED_DAT
* 警告:正在删除单管脚信号 LEFT_KEY
* 警告:正在删除单管脚信号 M+
* 警告:正在删除单管脚信号 M-
* 警告:正在删除单管脚信号 MCU_RESET
* 警告:正在删除单管脚信号 MIC+
* 警告:正在删除单管脚信号 MIC-
* 警告:正在删除单管脚信号 MISO
* 警告:正在删除单管脚信号 MOSI
* 警告:正在删除单管脚信号 N_RESET
* 警告:正在删除单管脚信号 RIGHT_KEY
* 警告:正在删除单管脚信号 RXD1
* 警告:正在删除单管脚信号 RXD3
* 警告:正在删除单管脚信号 SCK
* 警告:正在删除单管脚信号 SPK+
* 警告:正在删除单管脚信号 SPK-
* 警告:正在删除单管脚信号 TXD1
* 警告:正在删除单管脚信号 TXD3
* 警告:正在删除单管脚信号 VBAT
